<?xml version="1.0" encoding="UTF-8"?>
<!-- Generated by org.testng.reporters.JUnitReportReporter -->
<testsuite hostname="vivobook-asuslaptop-x512flc-x512fl" failures="0" tests="1" name="com.test.Brain_Access.Testing" time="12.045" errors="0" timestamp="2024-01-08T18:16:19 IST" skipped="0">
  <testcase classname="com.test.Brain_Access.Testing" name="testDB" time="12.045"/>
  <system-out/>
</testsuite> <!-- com.test.Brain_Access.Testing -->
